<?xml version="1.0" encoding="UTF-8"?>
<!-- Generated by org.testng.reporters.JUnitReportReporter -->
<testsuite skipped="0" hostname="RSI1513" name="br.com.rsinet.hub_TDD.tests.DevePesquisarProdutoTest" tests="1" failures="0" timestamp="2020-01-14T15:08:18 BRT" time="10.042" errors="0">
  <testcase name="DevePesquisarProduto" time="10.042" classname="br.com.rsinet.hub_TDD.tests.DevePesquisarProdutoTest"/>
</testsuite> <!-- br.com.rsinet.hub_TDD.tests.DevePesquisarProdutoTest -->
