<?xml version="1.0" encoding="UTF-8"?>
<!-- Generated by org.testng.reporters.JUnitReportReporter -->
<testsuite skipped="0" hostname="RSI1513" name="br.com.rsinet.hub_TDD.tests.UsuarioCadastradoComSucessoTest" tests="1" failures="0" timestamp="2020-01-16T11:05:11 BRT" time="17.483" errors="0">
  <testcase name="main" time="17.483" classname="br.com.rsinet.hub_TDD.tests.UsuarioCadastradoComSucessoTest"/>
</testsuite> <!-- br.com.rsinet.hub_TDD.tests.UsuarioCadastradoComSucessoTest -->
