<?xml version="1.0" encoding="UTF-8"?>
<!-- Generated by org.testng.reporters.JUnitReportReporter -->
<testsuite skipped="0" hostname="RSI1513" name="br.com.rsinet.hub_TDD.tests.PesquisaPorBarraDeBuscaTest" tests="1" failures="0" timestamp="2020-01-15T15:03:29 BRT" time="17.294" errors="0">
  <testcase name="DevePesquisarProduto" time="17.294" classname="br.com.rsinet.hub_TDD.tests.PesquisaPorBarraDeBuscaTest"/>
</testsuite> <!-- br.com.rsinet.hub_TDD.tests.PesquisaPorBarraDeBuscaTest -->
