<?xml version="1.0" encoding="UTF-8"?>
<!-- Generated by org.testng.reporters.JUnitReportReporter -->
<testsuite skipped="0" hostname="RSI1513" name="br.com.rsinet.hub_TDD.tests.UsuarioJaCadastradoTest" tests="1" failures="0" timestamp="2020-01-16T11:04:27 BRT" time="16.199" errors="0">
  <testcase name="usuarioJaCadastrado" time="16.199" classname="br.com.rsinet.hub_TDD.tests.UsuarioJaCadastradoTest"/>
</testsuite> <!-- br.com.rsinet.hub_TDD.tests.UsuarioJaCadastradoTest -->
