<?xml version="1.0" encoding="UTF-8"?>
<!-- Generated by org.testng.reporters.JUnitReportReporter -->
<testsuite skipped="0" hostname="RSI1513" name="br.com.rsinet.hub_TDD.tests.ConsultaProdutoInvalidoTest" tests="1" failures="0" timestamp="2020-01-28T15:42:42 BRT" time="17.611" errors="0">
  <testcase name="produtoNaoEncontrado" time="17.611" classname="br.com.rsinet.hub_TDD.tests.ConsultaProdutoInvalidoTest"/>
</testsuite> <!-- br.com.rsinet.hub_TDD.tests.ConsultaProdutoInvalidoTest -->
