<?xml version="1.0" encoding="UTF-8"?>
<!-- Generated by org.testng.reporters.JUnitReportReporter -->
<testsuite skipped="0" hostname="RSI1513" name="br.com.rsinet.hub_TDD.reports.ExtentReport" tests="1" failures="0" timestamp="2020-01-16T10:26:01 BRT" time="0.312" errors="0">
  <testcase name="logCadastraUsuario" time="0.312" classname="br.com.rsinet.hub_TDD.reports.ExtentReport"/>
</testsuite> <!-- br.com.rsinet.hub_TDD.reports.ExtentReport -->
