<?xml version="1.0" encoding="UTF-8"?>
<!-- Generated by org.testng.reporters.JUnitReportReporter -->
<testsuite skipped="0" hostname="RSI1513" name="br.com.rsinet.hub_TDD.tests.ProdutoIncorretoCadastrado" tests="1" failures="0" timestamp="2020-01-28T15:43:42 BRT" time="17.503" errors="0">
  <testcase name="pesquisaProduto" time="17.503" classname="br.com.rsinet.hub_TDD.tests.ProdutoIncorretoCadastrado"/>
</testsuite> <!-- br.com.rsinet.hub_TDD.tests.ProdutoIncorretoCadastrado -->
