<?xml version="1.0" encoding="UTF-8"?>
<!-- Generated by org.testng.reporters.JUnitReportReporter -->
<testsuite skipped="0" hostname="RSI1513" name="br.com.rsinet.hub_TDD.tests.BarraDeBuscaProdutoNaoEncontradoTest" tests="1" failures="0" timestamp="2020-01-16T11:03:37 BRT" time="16.818" errors="0">
  <testcase name="produtoNaoEncontrado" time="16.818" classname="br.com.rsinet.hub_TDD.tests.BarraDeBuscaProdutoNaoEncontradoTest"/>
</testsuite> <!-- br.com.rsinet.hub_TDD.tests.BarraDeBuscaProdutoNaoEncontradoTest -->
