<?xml version="1.0" encoding="UTF-8"?>
<!-- Generated by org.testng.reporters.JUnitReportReporter -->
<testsuite skipped="0" hostname="RSI1513" name="br.com.rsinet.hub_TDD.tests.CadastraClienteTest" tests="1" failures="0" timestamp="2020-01-28T14:07:31 BRT" time="21.050" errors="0">
  <testcase name="deveCadastrarUsuario" time="21.050" classname="br.com.rsinet.hub_TDD.tests.CadastraClienteTest"/>
</testsuite> <!-- br.com.rsinet.hub_TDD.tests.CadastraClienteTest -->
