<?xml version="1.0" encoding="UTF-8"?>
<!-- Generated by org.testng.reporters.JUnitReportReporter -->
<testsuite skipped="0" hostname="RSI1513" name="br.com.rsinet.hub_TDD.tests.ConsultaPorCampoDePesquisaTest" tests="1" failures="0" timestamp="2020-01-28T15:41:35 BRT" time="17.935" errors="0">
  <testcase name="devePesquisarProduto" time="17.935" classname="br.com.rsinet.hub_TDD.tests.ConsultaPorCampoDePesquisaTest"/>
</testsuite> <!-- br.com.rsinet.hub_TDD.tests.ConsultaPorCampoDePesquisaTest -->
