<?xml version="1.0" encoding="UTF-8"?>
<!-- Generated by org.testng.reporters.JUnitReportReporter -->
<testsuite skipped="0" hostname="RSI1513" name="br.com.rsinet.hub_TDD.tests.ClienteJaCadastradoTest" tests="1" failures="0" timestamp="2020-01-28T14:08:52 BRT" time="18.975" errors="0">
  <testcase name="usuarioJaCadastrado" time="18.975" classname="br.com.rsinet.hub_TDD.tests.ClienteJaCadastradoTest"/>
</testsuite> <!-- br.com.rsinet.hub_TDD.tests.ClienteJaCadastradoTest -->
